2025-01-14 20:52:07 [INFO] MainScript: Loading configuration from /Users/yuval/MetaMorphic/configs/first.yaml
2025-01-14 20:52:07 [INFO] MainScript: ConfigParser initialized with config path: /Users/yuval/MetaMorphic/configs/first.yaml
2025-01-14 20:52:07 [INFO] MainScript: Attempting to load configuration from: /Users/yuval/MetaMorphic/configs/first.yaml
2025-01-14 20:52:07 [INFO] MainScript: Configuration loaded successfully.
2025-01-14 20:52:07 [INFO] MainScript: Retrieving output file setting from 'settings'...
2025-01-14 20:52:07 [INFO] MainScript: Retrieving default join type from 'settings'...
2025-01-14 20:52:07 [INFO] MainScript: Retrieving files configuration from 'files'...
2025-01-14 20:52:07 [INFO] MainScript: Retrieving joins configuration from 'joins'...
2025-01-14 20:52:07 [INFO] MainScript: Output file: output/merged_data.csv
2025-01-14 20:52:07 [INFO] MainScript: Default join type: left
2025-01-14 20:52:07 [INFO] MainScript: Files definition:
[{'name': 'file3', 'path': '/Users/yuval/MetaMorphic/sampels/batch_1/file3.csv', 'keys': ['id'], 'transformations': [{'standardize_id_columns': ['id']}]}, {'name': 'file4', 'path': '/Users/yuval/MetaMorphic/sampels/batch_1/file4.csv', 'keys': ['customer_id'], 'transformations': [{'standardize_id_columns': ['תעןדת זהות']}]}, {'name': 'file5', 'path': '/Users/yuval/MetaMorphic/samples/batch1/file5.csv', 'keys': ['order_id'], 'transformations': [{'standardize_id_columns': ['id']}]}]
2025-01-14 20:52:07 [INFO] MainScript: Join steps:
[{'source': 'main_data', 'join_with': 'orders', 'join_type': 'inner', 'on': {}}, {'source': 'main_data', 'join_with': 'payments', 'join_type': 'left', 'on': {}}]
2025-01-14 20:52:07 [INFO] MainScript: Loading data from /Users/yuval/MetaMorphic/sampels/batch_1/file3.csv as csv
2025-01-14 20:52:07 [INFO] MainScript: Successfully loaded data from /Users/yuval/MetaMorphic/sampels/batch_1/file3.csv
2025-01-14 20:52:07 [INFO] MainScript: Starting transformations...
2025-01-14 20:52:07 [INFO] MainScript: Applying transformation 'standardize_id_columns' with parameters ['id']
2025-01-14 20:52:07 [INFO] MainScript: Successfully applied 'standardize_id_columns'
2025-01-14 20:52:07 [INFO] MainScript: All transformations applied successfully.
2025-01-14 20:52:07 [INFO] MainScript: Loading data from /Users/yuval/MetaMorphic/sampels/batch_1/file4.csv as csv
2025-01-14 20:52:07 [INFO] MainScript: Successfully loaded data from /Users/yuval/MetaMorphic/sampels/batch_1/file4.csv
2025-01-14 20:52:07 [INFO] MainScript: Starting transformations...
2025-01-14 20:52:07 [INFO] MainScript: Applying transformation 'standardize_id_columns' with parameters ['תעןדת זהות']
2025-01-14 20:52:07 [ERROR] MainScript: Column 'תעןדת זהות' not found in DataFrame.
2025-01-14 20:52:07 [ERROR] MainScript: Error applying transformation 'standardize_id_columns': Column 'תעןדת זהות' not found.
Traceback (most recent call last):
  File "/Users/yuval/MetaMorphic/src/transformer.py", line 60, in run_transformations
    method(params_normalized)
  File "/Users/yuval/MetaMorphic/src/transformer.py", line 13, in standardize_id_columns
    raise ValueError(f"Column '{col}' not found.")
ValueError: Column 'תעןדת זהות' not found.
