2025-02-13 22:54:18 [INFO] MainScript: Loading configuration from /Users/yuval/MetaMorphic/configs/test_real_data.yaml
2025-02-13 22:54:18 [INFO] MainScript.ConfigParser: ConfigParser initialized with config path: /Users/yuval/MetaMorphic/configs/test_real_data.yaml
2025-02-13 22:54:18 [INFO] MainScript.ConfigParser: Attempting to load configuration from: /Users/yuval/MetaMorphic/configs/test_real_data.yaml
2025-02-13 22:54:18 [INFO] MainScript.ConfigParser: Configuration loaded successfully.
2025-02-13 22:54:18 [INFO] MainScript.ConfigParser: Retrieving entire 'settings' dictionary...
2025-02-13 22:54:18 [INFO] MainScript.ConfigParser: Retrieving files configuration from 'files'...
2025-02-13 22:54:18 [INFO] MainScript.ConfigParser: Retrieving joins configuration from 'joins'...
2025-02-13 22:54:18 [INFO] MainScript: Output file: /Users/yuval/MetaMorphic/output/real_data_1
2025-02-13 22:54:18 [INFO] MainScript: Files definition:
[{'name': 'CAPS_before', 'path': '/Users/yuval/Documents/metamorphic_data/Questionnaires.xlsx', 'sheet': 'CAPS', 'transformations': [{'filter_rows': {'column': 'שלב בטיפולים', 'operator': 'is_in', 'values': ['לפני טיפול']}}], 'filter_rows': {}}, {'name': 'PTSD_partA_before', 'path': '/Users/yuval/Documents/metamorphic_data/Questionnaires.xlsx', 'sheet': 'PTSD_partA', 'transformations': [{'filter_rows': {'column': 'אנא בחר/י את שלב הטיפולים בו את/ה נמצא/ת בעת מילוי השאלון', 'operator': 'is_in', 'values': ['לפני טיפול ראשון בתא לחץ']}}], 'filter_rows': {}}, {'name': 'PTSD_partB_before', 'path': '/Users/yuval/Documents/metamorphic_data/Questionnaires.xlsx', 'sheet': 'PTSD_partB', 'transformations': [{'filter_rows': {'column': 'אנא בחר/י את שלב הטיפולים בו את/ה נמצא/ת בעת מילוי השאלון', 'operator': 'is_in', 'values': ['לפני טיפול ראשון בתא לחץ']}}], 'filter_rows': {}}, {'name': 'CAPS_after', 'path': '/Users/yuval/Documents/metamorphic_data/Questionnaires.xlsx', 'sheet': 'CAPS', 'transformations': [{'filter_rows': {'column': 'שלב בטיפולים', 'operator': 'is_in', 'values': ['לאחר טיפול']}}], 'filter_rows': {}}, {'name': 'PTSD_partA_after', 'path': '/Users/yuval/Documents/metamorphic_data/Questionnaires.xlsx', 'sheet': 'PTSD_partA', 'transformations': [{'filter_rows': {'column': 'אנא בחר/י את שלב הטיפולים בו את/ה נמצא/ת בעת מילוי השאלון', 'operator': 'is_in', 'values': ['לפני טיפול ראשון בתא לחץ']}}], 'filter_rows': {}}, {'name': 'PTSD_partB_after', 'path': '/Users/yuval/Documents/metamorphic_data/Questionnaires.xlsx', 'sheet': 'PTSD_partB', 'transformations': [{'filter_rows': {'column': 'אנא בחר/י את שלב הטיפולים בו את/ה נמצא/ת בעת מילוי השאלון', 'operator': 'is_in', 'values': ['לפני טיפול ראשון בתא לחץ']}}], 'filter_rows': {}}]
2025-02-13 22:54:18 [INFO] MainScript: Join steps:
[{'source': 'CAPS_before', 'join_with': 'PTSD_partA_before', 'join_type': 'left', 'join_on': [{'CAPS_before': 'קוד מטופל (9 ספרות)'}, {'PTSD_partA_before': 'קוד אישי'}]}, {'source': 'CAPS_before', 'join_with': 'PTSD_partB_before', 'join_type': 'left', 'join_on': [{'CAPS_before': 'קוד מטופל (9 ספרות)'}, {'PTSD_partB_before': 'קוד אישי'}]}, {'source': 'CAPS_after', 'join_with': 'PTSD_partA_after', 'join_type': 'left', 'join_on': [{'CAPS_after': 'קוד מטופל (9 ספרות)'}, {'PTSD_partA_after': 'קוד אישי'}]}, {'source': 'CAPS_after', 'join_with': 'PTSD_partB_before', 'join_type': 'left', 'join_on': [{'CAPS_before': 'קוד מטופל (9 ספרות)'}, {'PTSD_partB_before': 'קוד אישי'}]}, {'source': None, 'join_with': None, 'join_type': None, 'join_on': {}}]
2025-02-13 22:54:24 [INFO] MainScript.DataLoader: Loading data from /Users/yuval/Documents/metamorphic_data/Questionnaires.xlsx sheet name : CAPS as xlsx 
2025-02-13 22:54:25 [INFO] MainScript.DataLoader: Successfully loaded data from /Users/yuval/Documents/metamorphic_data/Questionnaires.xlsx sheet name : CAPS
2025-02-13 22:54:25 [INFO] MainScript.Transformer: Starting transformations...
2025-02-13 22:54:25 [INFO] MainScript.Transformer: Applying transformation 'filter_rows' with parameters {'column': 'שלב בטיפולים', 'operator': 'is_in', 'values': ['לפני טיפול']}
2025-02-13 22:54:25 [INFO] MainScript.Transformer: Filtering rows where שלב בטיפולים is_in ['לפני טיפול']
2025-02-13 22:54:25 [INFO] MainScript.Transformer: Filtered 539 rows. 0 rows remaining.
2025-02-13 22:54:25 [INFO] MainScript.Transformer: Successfully applied 'filter_rows'
2025-02-13 22:54:25 [INFO] MainScript.Transformer: All transformations applied successfully.
2025-02-13 22:54:26 [INFO] MainScript.DataLoader: Loading data from /Users/yuval/Documents/metamorphic_data/Questionnaires.xlsx sheet name : PTSD_partA as xlsx 
2025-02-13 22:54:26 [INFO] MainScript.DataLoader: Successfully loaded data from /Users/yuval/Documents/metamorphic_data/Questionnaires.xlsx sheet name : PTSD_partA
2025-02-13 22:54:26 [INFO] MainScript.Transformer: Starting transformations...
2025-02-13 22:54:26 [INFO] MainScript.Transformer: Applying transformation 'filter_rows' with parameters {'column': 'אנא בחר/י את שלב הטיפולים בו את/ה נמצא/ת בעת מילוי השאלון', 'operator': 'is_in', 'values': ['לפני טיפול ראשון בתא לחץ']}
2025-02-13 22:54:26 [INFO] MainScript.Transformer: Filtering rows where אנא בחר/י את שלב הטיפולים בו את/ה נמצא/ת בעת מילוי השאלון is_in ['לפני טיפול ראשון בתא לחץ']
2025-02-13 22:54:26 [INFO] MainScript.Transformer: Filtered 2 rows. 221 rows remaining.
2025-02-13 22:54:26 [INFO] MainScript.Transformer: Successfully applied 'filter_rows'
2025-02-13 22:54:26 [INFO] MainScript.Transformer: All transformations applied successfully.
2025-02-13 22:54:29 [INFO] MainScript.DataLoader: Loading data from /Users/yuval/Documents/metamorphic_data/Questionnaires.xlsx sheet name : PTSD_partB as xlsx 
2025-02-13 22:54:30 [INFO] MainScript.DataLoader: Successfully loaded data from /Users/yuval/Documents/metamorphic_data/Questionnaires.xlsx sheet name : PTSD_partB
2025-02-13 22:54:30 [INFO] MainScript.Transformer: Starting transformations...
2025-02-13 22:54:30 [INFO] MainScript.Transformer: Applying transformation 'filter_rows' with parameters {'column': 'אנא בחר/י את שלב הטיפולים בו את/ה נמצא/ת בעת מילוי השאלון', 'operator': 'is_in', 'values': ['לפני טיפול ראשון בתא לחץ']}
2025-02-13 22:54:30 [INFO] MainScript.Transformer: Filtering rows where אנא בחר/י את שלב הטיפולים בו את/ה נמצא/ת בעת מילוי השאלון is_in ['לפני טיפול ראשון בתא לחץ']
2025-02-13 22:54:30 [INFO] MainScript.Transformer: Filtered 2 rows. 211 rows remaining.
2025-02-13 22:54:30 [INFO] MainScript.Transformer: Successfully applied 'filter_rows'
2025-02-13 22:54:30 [INFO] MainScript.Transformer: All transformations applied successfully.
2025-02-13 22:54:30 [INFO] MainScript.DataLoader: Loading data from /Users/yuval/Documents/metamorphic_data/Questionnaires.xlsx sheet name : CAPS as xlsx 
2025-02-13 22:54:31 [INFO] MainScript.DataLoader: Successfully loaded data from /Users/yuval/Documents/metamorphic_data/Questionnaires.xlsx sheet name : CAPS
2025-02-13 22:54:31 [INFO] MainScript.Transformer: Starting transformations...
2025-02-13 22:54:31 [INFO] MainScript.Transformer: Applying transformation 'filter_rows' with parameters {'column': 'שלב בטיפולים', 'operator': 'is_in', 'values': ['לאחר טיפול']}
2025-02-13 22:54:31 [INFO] MainScript.Transformer: Filtering rows where שלב בטיפולים is_in ['לאחר טיפול']
2025-02-13 22:54:31 [INFO] MainScript.Transformer: Filtered 539 rows. 0 rows remaining.
2025-02-13 22:54:31 [INFO] MainScript.Transformer: Successfully applied 'filter_rows'
2025-02-13 22:54:31 [INFO] MainScript.Transformer: All transformations applied successfully.
2025-02-13 22:54:31 [INFO] MainScript.DataLoader: Loading data from /Users/yuval/Documents/metamorphic_data/Questionnaires.xlsx sheet name : PTSD_partA as xlsx 
2025-02-13 22:54:31 [INFO] MainScript.DataLoader: Successfully loaded data from /Users/yuval/Documents/metamorphic_data/Questionnaires.xlsx sheet name : PTSD_partA
2025-02-13 22:54:31 [INFO] MainScript.Transformer: Starting transformations...
2025-02-13 22:54:31 [INFO] MainScript.Transformer: Applying transformation 'filter_rows' with parameters {'column': 'אנא בחר/י את שלב הטיפולים בו את/ה נמצא/ת בעת מילוי השאלון', 'operator': 'is_in', 'values': ['לפני טיפול ראשון בתא לחץ']}
2025-02-13 22:54:31 [INFO] MainScript.Transformer: Filtering rows where אנא בחר/י את שלב הטיפולים בו את/ה נמצא/ת בעת מילוי השאלון is_in ['לפני טיפול ראשון בתא לחץ']
2025-02-13 22:54:31 [INFO] MainScript.Transformer: Filtered 2 rows. 221 rows remaining.
2025-02-13 22:54:31 [INFO] MainScript.Transformer: Successfully applied 'filter_rows'
2025-02-13 22:54:31 [INFO] MainScript.Transformer: All transformations applied successfully.
2025-02-13 22:54:31 [INFO] MainScript.DataLoader: Loading data from /Users/yuval/Documents/metamorphic_data/Questionnaires.xlsx sheet name : PTSD_partB as xlsx 
2025-02-13 22:54:32 [INFO] MainScript.DataLoader: Successfully loaded data from /Users/yuval/Documents/metamorphic_data/Questionnaires.xlsx sheet name : PTSD_partB
2025-02-13 22:54:32 [INFO] MainScript.Transformer: Starting transformations...
2025-02-13 22:54:32 [INFO] MainScript.Transformer: Applying transformation 'filter_rows' with parameters {'column': 'אנא בחר/י את שלב הטיפולים בו את/ה נמצא/ת בעת מילוי השאלון', 'operator': 'is_in', 'values': ['לפני טיפול ראשון בתא לחץ']}
2025-02-13 22:54:32 [INFO] MainScript.Transformer: Filtering rows where אנא בחר/י את שלב הטיפולים בו את/ה נמצא/ת בעת מילוי השאלון is_in ['לפני טיפול ראשון בתא לחץ']
2025-02-13 22:54:32 [INFO] MainScript.Transformer: Filtered 2 rows. 211 rows remaining.
2025-02-13 22:54:32 [INFO] MainScript.Transformer: Successfully applied 'filter_rows'
2025-02-13 22:54:32 [INFO] MainScript.Transformer: All transformations applied successfully.
2025-02-13 22:54:33 [INFO] MainScript: Files loaded and transformed:
2025-02-13 22:54:33 [INFO] MainScript: CAPS_before: 0 rows, 38 columns
2025-02-13 22:54:33 [INFO] MainScript: PTSD_partA_before: 221 rows, 129 columns
2025-02-13 22:54:33 [INFO] MainScript: PTSD_partB_before: 211 rows, 90 columns
2025-02-13 22:54:33 [INFO] MainScript: CAPS_after: 0 rows, 38 columns
2025-02-13 22:54:33 [INFO] MainScript: PTSD_partA_after: 221 rows, 129 columns
2025-02-13 22:54:33 [INFO] MainScript: PTSD_partB_after: 211 rows, 90 columns
2025-02-13 22:54:55 [INFO] MainScript.DataMerger: Step 1: Merging 'CAPS_before' with 'PTSD_partA_before'
