2025-02-13 23:12:33 [INFO] MainScript: Loading configuration from /Users/yuval/MetaMorphic/configs/test_real_data.yaml
2025-02-13 23:12:33 [INFO] MainScript.ConfigParser: ConfigParser initialized with config path: /Users/yuval/MetaMorphic/configs/test_real_data.yaml
2025-02-13 23:12:33 [INFO] MainScript.ConfigParser: Attempting to load configuration from: /Users/yuval/MetaMorphic/configs/test_real_data.yaml
2025-02-13 23:12:33 [INFO] MainScript.ConfigParser: Configuration loaded successfully.
2025-02-13 23:12:33 [INFO] MainScript.ConfigParser: Retrieving entire 'settings' dictionary...
2025-02-13 23:12:33 [INFO] MainScript.ConfigParser: Retrieving files configuration from 'files'...
2025-02-13 23:12:33 [INFO] MainScript.ConfigParser: Retrieving joins configuration from 'joins'...
2025-02-13 23:12:33 [INFO] MainScript: Output file: /Users/yuval/MetaMorphic/output/real_data_1
2025-02-13 23:12:33 [INFO] MainScript: Files definition:
[{'name': 'CAPS_before', 'path': '/Users/yuval/Documents/metamorphic_data/Questionnaires.xlsx', 'sheet': 'CAPS', 'transformations': [{'filter_rows': {'column': 'שלב בטיפולים', 'operator': 'is_in', 'values': ['לפני טיפול בתא לחץ']}}], 'filter_rows': {}}, {'name': 'PTSD_partA_before', 'path': '/Users/yuval/Documents/metamorphic_data/Questionnaires.xlsx', 'sheet': 'PTSD_partA', 'transformations': [{'filter_rows': {'column': 'אנא בחר/י את שלב הטיפולים בו את/ה נמצא/ת בעת מילוי השאלון', 'operator': 'is_in', 'values': ['לפני טיפול ראשון בתא לחץ']}}], 'filter_rows': {}}, {'name': 'PTSD_partB_before', 'path': '/Users/yuval/Documents/metamorphic_data/Questionnaires.xlsx', 'sheet': 'PTSD_partB', 'transformations': [{'filter_rows': {'column': 'אנא בחר/י את שלב הטיפולים בו את/ה נמצא/ת בעת מילוי השאלון', 'operator': 'is_in', 'values': ['לפני טיפול ראשון בתא לחץ']}}], 'filter_rows': {}}, {'name': 'CAPS_after', 'path': '/Users/yuval/Documents/metamorphic_data/Questionnaires.xlsx', 'sheet': 'CAPS', 'transformations': [{'filter_rows': {'column': 'שלב בטיפולים', 'operator': 'is_in', 'values': ['אחרי טיפול בתא לחץ']}}], 'filter_rows': {}}, {'name': 'PTSD_partA_after', 'path': '/Users/yuval/Documents/metamorphic_data/Questionnaires.xlsx', 'sheet': 'PTSD_partA', 'transformations': [{'filter_rows': {'column': 'אנא בחר/י את שלב הטיפולים בו את/ה נמצא/ת בעת מילוי השאלון', 'operator': 'is_in', 'values': ['לפני טיפול ראשון בתא לחץ']}}], 'filter_rows': {}}, {'name': 'PTSD_partB_after', 'path': '/Users/yuval/Documents/metamorphic_data/Questionnaires.xlsx', 'sheet': 'PTSD_partB', 'transformations': [{'filter_rows': {'column': 'אנא בחר/י את שלב הטיפולים בו את/ה נמצא/ת בעת מילוי השאלון', 'operator': 'is_in', 'values': ['לפני טיפול ראשון בתא לחץ']}}], 'filter_rows': {}}]
2025-02-13 23:12:33 [INFO] MainScript: Join steps:
[{'source': 'CAPS_before', 'join_with': 'PTSD_partA_before', 'join_type': 'left', 'join_on': [{'CAPS_before': 'קוד מטופל (9 ספרות)'}, {'PTSD_partA_before': 'קוד אישי'}]}, {'source': 'CAPS_before', 'join_with': 'PTSD_partB_before', 'join_type': 'left', 'join_on': [{'CAPS_before': 'קוד מטופל (9 ספרות)'}, {'PTSD_partB_before': 'קוד אישי'}]}, {'source': 'CAPS_after', 'join_with': 'PTSD_partA_after', 'join_type': 'left', 'join_on': [{'CAPS_after': 'קוד מטופל (9 ספרות)'}, {'PTSD_partA_after': 'קוד אישי'}]}, {'source': 'CAPS_after', 'join_with': 'PTSD_partB_before', 'join_type': 'left', 'join_on': [{'CAPS_before': 'קוד מטופל (9 ספרות)'}, {'PTSD_partB_before': 'קוד אישי'}]}, {'source': None, 'join_with': None, 'join_type': None, 'join_on': {}}]
2025-02-13 23:12:33 [INFO] MainScript.DataLoader: Loading data from /Users/yuval/Documents/metamorphic_data/Questionnaires.xlsx sheet name : CAPS as xlsx 
2025-02-13 23:12:33 [INFO] MainScript.DataLoader: Successfully loaded data from /Users/yuval/Documents/metamorphic_data/Questionnaires.xlsx sheet name : CAPS
2025-02-13 23:12:33 [INFO] MainScript: Loaded file 'Questionnaires.xlsx-CAPS' with 539 rows
2025-02-13 23:12:33 [INFO] MainScript.Transformer: Starting transformations...
2025-02-13 23:12:33 [INFO] MainScript.Transformer: Applying transformation 'filter_rows' with parameters {'column': 'שלב בטיפולים', 'operator': 'is_in', 'values': ['לפני טיפול בתא לחץ']}
2025-02-13 23:12:33 [INFO] MainScript.Transformer: Filtering rows where שלב בטיפולים is_in ['לפני טיפול בתא לחץ']
2025-02-13 23:12:33 [INFO] MainScript.Transformer: Filtered 136 rows. 403 rows remaining.
2025-02-13 23:12:33 [INFO] MainScript.Transformer: Successfully applied 'filter_rows'
2025-02-13 23:12:33 [INFO] MainScript.Transformer: All transformations applied successfully.
2025-02-13 23:12:33 [INFO] MainScript.DataLoader: Loading data from /Users/yuval/Documents/metamorphic_data/Questionnaires.xlsx sheet name : PTSD_partA as xlsx 
2025-02-13 23:12:34 [INFO] MainScript.DataLoader: Successfully loaded data from /Users/yuval/Documents/metamorphic_data/Questionnaires.xlsx sheet name : PTSD_partA
2025-02-13 23:12:34 [INFO] MainScript: Loaded file 'Questionnaires.xlsx-PTSD_partA' with 223 rows
2025-02-13 23:12:34 [INFO] MainScript.Transformer: Starting transformations...
2025-02-13 23:12:34 [INFO] MainScript.Transformer: Applying transformation 'filter_rows' with parameters {'column': 'אנא בחר/י את שלב הטיפולים בו את/ה נמצא/ת בעת מילוי השאלון', 'operator': 'is_in', 'values': ['לפני טיפול ראשון בתא לחץ']}
2025-02-13 23:12:34 [INFO] MainScript.Transformer: Filtering rows where אנא בחר/י את שלב הטיפולים בו את/ה נמצא/ת בעת מילוי השאלון is_in ['לפני טיפול ראשון בתא לחץ']
2025-02-13 23:12:34 [INFO] MainScript.Transformer: Filtered 2 rows. 221 rows remaining.
2025-02-13 23:12:34 [INFO] MainScript.Transformer: Successfully applied 'filter_rows'
2025-02-13 23:12:34 [INFO] MainScript.Transformer: All transformations applied successfully.
2025-02-13 23:12:34 [INFO] MainScript.DataLoader: Loading data from /Users/yuval/Documents/metamorphic_data/Questionnaires.xlsx sheet name : PTSD_partB as xlsx 
2025-02-13 23:12:34 [INFO] MainScript.DataLoader: Successfully loaded data from /Users/yuval/Documents/metamorphic_data/Questionnaires.xlsx sheet name : PTSD_partB
2025-02-13 23:12:34 [INFO] MainScript: Loaded file 'Questionnaires.xlsx-PTSD_partB' with 213 rows
2025-02-13 23:12:34 [INFO] MainScript.Transformer: Starting transformations...
2025-02-13 23:12:34 [INFO] MainScript.Transformer: Applying transformation 'filter_rows' with parameters {'column': 'אנא בחר/י את שלב הטיפולים בו את/ה נמצא/ת בעת מילוי השאלון', 'operator': 'is_in', 'values': ['לפני טיפול ראשון בתא לחץ']}
2025-02-13 23:12:34 [INFO] MainScript.Transformer: Filtering rows where אנא בחר/י את שלב הטיפולים בו את/ה נמצא/ת בעת מילוי השאלון is_in ['לפני טיפול ראשון בתא לחץ']
2025-02-13 23:12:34 [INFO] MainScript.Transformer: Filtered 2 rows. 211 rows remaining.
2025-02-13 23:12:34 [INFO] MainScript.Transformer: Successfully applied 'filter_rows'
2025-02-13 23:12:34 [INFO] MainScript.Transformer: All transformations applied successfully.
2025-02-13 23:12:34 [INFO] MainScript.DataLoader: Loading data from /Users/yuval/Documents/metamorphic_data/Questionnaires.xlsx sheet name : CAPS as xlsx 
2025-02-13 23:12:34 [INFO] MainScript.DataLoader: Successfully loaded data from /Users/yuval/Documents/metamorphic_data/Questionnaires.xlsx sheet name : CAPS
2025-02-13 23:12:34 [INFO] MainScript: Loaded file 'Questionnaires.xlsx-CAPS' with 539 rows
2025-02-13 23:12:34 [INFO] MainScript.Transformer: Starting transformations...
2025-02-13 23:12:34 [INFO] MainScript.Transformer: Applying transformation 'filter_rows' with parameters {'column': 'שלב בטיפולים', 'operator': 'is_in', 'values': ['אחרי טיפול בתא לחץ']}
2025-02-13 23:12:34 [INFO] MainScript.Transformer: Filtering rows where שלב בטיפולים is_in ['אחרי טיפול בתא לחץ']
2025-02-13 23:12:34 [INFO] MainScript.Transformer: Filtered 404 rows. 135 rows remaining.
2025-02-13 23:12:34 [INFO] MainScript.Transformer: Successfully applied 'filter_rows'
2025-02-13 23:12:34 [INFO] MainScript.Transformer: All transformations applied successfully.
2025-02-13 23:12:34 [INFO] MainScript.DataLoader: Loading data from /Users/yuval/Documents/metamorphic_data/Questionnaires.xlsx sheet name : PTSD_partA as xlsx 
2025-02-13 23:12:34 [INFO] MainScript.DataLoader: Successfully loaded data from /Users/yuval/Documents/metamorphic_data/Questionnaires.xlsx sheet name : PTSD_partA
2025-02-13 23:12:34 [INFO] MainScript: Loaded file 'Questionnaires.xlsx-PTSD_partA' with 223 rows
2025-02-13 23:12:34 [INFO] MainScript.Transformer: Starting transformations...
2025-02-13 23:12:34 [INFO] MainScript.Transformer: Applying transformation 'filter_rows' with parameters {'column': 'אנא בחר/י את שלב הטיפולים בו את/ה נמצא/ת בעת מילוי השאלון', 'operator': 'is_in', 'values': ['לפני טיפול ראשון בתא לחץ']}
2025-02-13 23:12:34 [INFO] MainScript.Transformer: Filtering rows where אנא בחר/י את שלב הטיפולים בו את/ה נמצא/ת בעת מילוי השאלון is_in ['לפני טיפול ראשון בתא לחץ']
2025-02-13 23:12:34 [INFO] MainScript.Transformer: Filtered 2 rows. 221 rows remaining.
2025-02-13 23:12:34 [INFO] MainScript.Transformer: Successfully applied 'filter_rows'
2025-02-13 23:12:34 [INFO] MainScript.Transformer: All transformations applied successfully.
2025-02-13 23:12:34 [INFO] MainScript.DataLoader: Loading data from /Users/yuval/Documents/metamorphic_data/Questionnaires.xlsx sheet name : PTSD_partB as xlsx 
2025-02-13 23:12:34 [INFO] MainScript.DataLoader: Successfully loaded data from /Users/yuval/Documents/metamorphic_data/Questionnaires.xlsx sheet name : PTSD_partB
2025-02-13 23:12:34 [INFO] MainScript: Loaded file 'Questionnaires.xlsx-PTSD_partB' with 213 rows
2025-02-13 23:12:34 [INFO] MainScript.Transformer: Starting transformations...
2025-02-13 23:12:34 [INFO] MainScript.Transformer: Applying transformation 'filter_rows' with parameters {'column': 'אנא בחר/י את שלב הטיפולים בו את/ה נמצא/ת בעת מילוי השאלון', 'operator': 'is_in', 'values': ['לפני טיפול ראשון בתא לחץ']}
2025-02-13 23:12:34 [INFO] MainScript.Transformer: Filtering rows where אנא בחר/י את שלב הטיפולים בו את/ה נמצא/ת בעת מילוי השאלון is_in ['לפני טיפול ראשון בתא לחץ']
2025-02-13 23:12:34 [INFO] MainScript.Transformer: Filtered 2 rows. 211 rows remaining.
2025-02-13 23:12:34 [INFO] MainScript.Transformer: Successfully applied 'filter_rows'
2025-02-13 23:12:34 [INFO] MainScript.Transformer: All transformations applied successfully.
2025-02-13 23:12:34 [INFO] MainScript: Files loaded and transformed:
2025-02-13 23:12:34 [INFO] MainScript: CAPS_before: 403 rows, 38 columns
2025-02-13 23:12:34 [INFO] MainScript: PTSD_partA_before: 221 rows, 129 columns
2025-02-13 23:12:34 [INFO] MainScript: PTSD_partB_before: 211 rows, 90 columns
2025-02-13 23:12:34 [INFO] MainScript: CAPS_after: 135 rows, 38 columns
2025-02-13 23:12:34 [INFO] MainScript: PTSD_partA_after: 221 rows, 129 columns
2025-02-13 23:12:34 [INFO] MainScript: PTSD_partB_after: 211 rows, 90 columns
2025-02-13 23:12:34 [INFO] MainScript.DataMerger: Step 1: Merging 'CAPS_before' with 'PTSD_partA_before'
2025-02-13 23:12:34 [INFO] MainScript.DataMerger: Merging dataframes using keys קוד מטופל (9 ספרות)<->קוד אישי and how='left'...
2025-02-13 23:12:35 [ERROR] MainScript.DataMerger: Error in step 1: local variable 'dataframes' referenced before assignment
