2025-01-23 23:28:36 [INFO] MainScript: Loading configuration from /Users/yuval/MetaMorphic/configs/test_real_data.yaml
2025-01-23 23:28:36 [INFO] MainScript: ConfigParser initialized with config path: /Users/yuval/MetaMorphic/configs/test_real_data.yaml
2025-01-23 23:28:36 [INFO] MainScript: Attempting to load configuration from: /Users/yuval/MetaMorphic/configs/test_real_data.yaml
2025-01-23 23:28:36 [INFO] MainScript: Configuration loaded successfully.
2025-01-23 23:28:36 [INFO] MainScript: Retrieving entire 'settings' dictionary...
2025-01-23 23:28:36 [INFO] MainScript: Retrieving files configuration from 'files'...
2025-01-23 23:28:36 [INFO] MainScript: Retrieving joins configuration from 'joins'...
2025-01-23 23:28:36 [INFO] MainScript: Output file: /Users/yuval/MetaMorphic/output/real_data_1
2025-01-23 23:28:36 [INFO] MainScript: Files definition:
[{'name': 'CAPS', 'path': '/Users/yuval/Downloads/PTSD 500 anonimized.xlsx', 'transformations': {}}, {'name': 'QUESTIONNAIRES_B', 'path': '/Users/yuval/Downloads/PTSD 500 anonimized.xlsx', 'transformations': {}}]
2025-01-23 23:28:36 [INFO] MainScript: Join steps:
[{'source': 'CAPS', 'join_with': 'QUESTIONNAIRES_B', 'join_type': 'left', 'join_on': [{'CAPS': 'קוד מטופל (9 ספרות)'}, {'QUESTIONNAIRES_B': 'קוד אישי'}]}]
2025-01-23 23:28:36 [INFO] MainScript: Loading data from /Users/yuval/Downloads/PTSD 500 anonimized.xlsx as xlsx
2025-01-23 23:28:39 [INFO] MainScript: Successfully loaded data from /Users/yuval/Downloads/PTSD 500 anonimized.xlsx
2025-01-23 23:28:39 [INFO] MainScript: Starting transformations...
2025-01-23 23:28:39 [INFO] MainScript: All transformations applied successfully.
2025-01-23 23:29:00 [INFO] MainScript: Starting transformations...
2025-01-23 23:29:00 [INFO] MainScript: All transformations applied successfully.
2025-01-23 23:29:03 [INFO] MainScript: Starting transformations...
2025-01-23 23:29:03 [INFO] MainScript: All transformations applied successfully.
